c:\users\paste\onedrive\desktop\fortnite-bulletp-internal-cheat-main\x64\release\vc142.pdb
c:\users\paste\onedrive\desktop\fortnite-bulletp-internal-cheat-main\x64\release\vector3d.obj
c:\users\paste\onedrive\desktop\fortnite-bulletp-internal-cheat-main\x64\release\imgui_impl_dx11.obj
c:\users\paste\onedrive\desktop\fortnite-bulletp-internal-cheat-main\x64\release\imgui_draw.obj
c:\users\paste\onedrive\desktop\fortnite-bulletp-internal-cheat-main\x64\release\imgui.obj
c:\users\paste\onedrive\desktop\fortnite-bulletp-internal-cheat-main\x64\release\dllmain.obj
c:\users\paste\onedrive\desktop\fortnite-bulletp-internal-cheat-main\x64\release\custom_runtimes.obj
c:\users\paste\onedrive\desktop\fortnite-bulletp-internal-cheat-main\x64\release\nig.dll
c:\users\paste\onedrive\desktop\fortnite-bulletp-internal-cheat-main\x64\release\nig.pdb
c:\users\paste\onedrive\desktop\fortnite-bulletp-internal-cheat-main\x64\release\ntusersendinput.obj
c:\users\paste\onedrive\desktop\fortnite-bulletp-internal-cheat-main\x64\release\shell.obj
c:\users\paste\onedrive\desktop\fortnite-bulletp-internal-cheat-main\x64\release\nig.ipdb
c:\users\paste\onedrive\desktop\fortnite-bulletp-internal-cheat-main\x64\release\nig.iobj
c:\users\paste\onedrive\desktop\fortnite-bulletp-internal-cheat-main\x64\release\[._.].tlog\cl.command.1.tlog
c:\users\paste\onedrive\desktop\fortnite-bulletp-internal-cheat-main\x64\release\[._.].tlog\cl.read.1.tlog
c:\users\paste\onedrive\desktop\fortnite-bulletp-internal-cheat-main\x64\release\[._.].tlog\cl.write.1.tlog
c:\users\paste\onedrive\desktop\fortnite-bulletp-internal-cheat-main\x64\release\[._.].tlog\link.command.1.tlog
c:\users\paste\onedrive\desktop\fortnite-bulletp-internal-cheat-main\x64\release\[._.].tlog\link.read.1.tlog
c:\users\paste\onedrive\desktop\fortnite-bulletp-internal-cheat-main\x64\release\[._.].tlog\link.write.1.tlog
c:\users\paste\onedrive\desktop\fortnite-bulletp-internal-cheat-main\x64\release\[._.].tlog\masm.read.1u.tlog
c:\users\paste\onedrive\desktop\fortnite-bulletp-internal-cheat-main\x64\release\[._.].tlog\masm.write.1u.tlog
c:\users\paste\onedrive\desktop\fortnite-bulletp-internal-cheat-main\x64\release\[._.].tlog\[._.].write.1u.tlog
